0 info it worked if it ends with ok
1 verbose cli [ '/home/jon/.nvm/versions/node/v5.3.0/bin/node',
1 verbose cli   '/home/jon/.nvm/versions/node/v5.3.0/bin/npm',
1 verbose cli   'run',
1 verbose cli   'start' ]
2 info using npm@3.3.12
3 info using node@v5.3.0
4 verbose run-script [ 'prestart', 'start', 'poststart' ]
5 info lifecycle voting-server@1.0.0~prestart: voting-server@1.0.0
6 silly lifecycle voting-server@1.0.0~prestart: no script for prestart, continuing
7 info lifecycle voting-server@1.0.0~start: voting-server@1.0.0
8 verbose lifecycle voting-server@1.0.0~start: unsafe-perm in lifecycle true
9 verbose lifecycle voting-server@1.0.0~start: PATH: /home/jon/.nvm/versions/node/v5.3.0/lib/node_modules/npm/bin/node-gyp-bin:/home/jon/github.com/jdfreder/redux-tut/voting-server/node_modules/.bin:/home/jon/.gvm/pkgsets/go1.5/global/bin:/home/jon/.gvm/gos/go1.5/bin:/home/jon/.gvm/pkgsets/go1.5/global/overlay/bin:/home/jon/.gvm/bin:/home/jon/.gvm/bin:/home/jon/.nvm/versions/node/v5.3.0/bin:/home/jon/bin:/usr/local/sbin:/usr/local/bin:/usr/sbin:/usr/bin:/sbin:/bin:/usr/games:/usr/local/games
10 verbose lifecycle voting-server@1.0.0~start: CWD: /home/jon/github.com/jdfreder/redux-tut/voting-server
11 silly lifecycle voting-server@1.0.0~start: Args: [ '-c', 'babel-node src/index.js' ]
12 silly lifecycle voting-server@1.0.0~start: Returned: code: 1  signal: null
13 info lifecycle voting-server@1.0.0~start: Failed to exec start script
14 verbose stack Error: voting-server@1.0.0 start: `babel-node src/index.js`
14 verbose stack Exit status 1
14 verbose stack     at EventEmitter.<anonymous> (/home/jon/.nvm/versions/node/v5.3.0/lib/node_modules/npm/lib/utils/lifecycle.js:232:16)
14 verbose stack     at emitTwo (events.js:87:13)
14 verbose stack     at EventEmitter.emit (events.js:172:7)
14 verbose stack     at ChildProcess.<anonymous> (/home/jon/.nvm/versions/node/v5.3.0/lib/node_modules/npm/lib/utils/spawn.js:24:14)
14 verbose stack     at emitTwo (events.js:87:13)
14 verbose stack     at ChildProcess.emit (events.js:172:7)
14 verbose stack     at maybeClose (internal/child_process.js:818:16)
14 verbose stack     at Process.ChildProcess._handle.onexit (internal/child_process.js:211:5)
15 verbose pkgid voting-server@1.0.0
16 verbose cwd /home/jon/github.com/jdfreder/redux-tut/voting-server
17 error Linux 4.2.0-16-generic
18 error argv "/home/jon/.nvm/versions/node/v5.3.0/bin/node" "/home/jon/.nvm/versions/node/v5.3.0/bin/npm" "run" "start"
19 error node v5.3.0
20 error npm  v3.3.12
21 error code ELIFECYCLE
22 error voting-server@1.0.0 start: `babel-node src/index.js`
22 error Exit status 1
23 error Failed at the voting-server@1.0.0 start script 'babel-node src/index.js'.
23 error Make sure you have the latest version of node.js and npm installed.
23 error If you do, this is most likely a problem with the voting-server package,
23 error not with npm itself.
23 error Tell the author that this fails on your system:
23 error     babel-node src/index.js
23 error You can get their info via:
23 error     npm owner ls voting-server
23 error There is likely additional logging output above.
24 verbose exit [ 1, true ]
